<dec f='include/c++/11/bits/ios_base.h' l='464' type='const std::ios_base::openmode'/>
<use f='include/c++/11/streambuf' l='257' u='r' c='_ZNSt15basic_streambuf10pubseekoffENT0_8off_typeESt12_Ios_SeekdirSt13_Ios_Openmode'/>
<use f='include/c++/11/streambuf' l='269' u='r' c='_ZNSt15basic_streambuf10pubseekposENT0_8pos_typeESt13_Ios_Openmode'/>
<use f='include/c++/11/streambuf' l='608' u='r' c='_ZNSt15basic_streambuf7seekoffENT0_8off_typeESt12_Ios_SeekdirSt13_Ios_Openmode'/>
<use f='include/c++/11/streambuf' l='620' u='r' c='_ZNSt15basic_streambuf7seekposENT0_8pos_typeESt13_Ios_Openmode'/>
<use f='include/c++/11/bits/ostream.tcc' l='243' c='_ZNSt13basic_ostream5tellpEv'/>
<use f='include/c++/11/bits/ostream.tcc' l='268' c='_ZNSt13basic_ostream5seekpENT0_8pos_typeE'/>
<use f='include/c++/11/bits/ostream.tcc' l='300' c='_ZNSt13basic_ostream5seekpENT0_8off_typeESt12_Ios_Seekdir'/>
<doc f='include/c++/11/bits/ios_base.h' l='463'>/// Open for output.  Default for @c ofstream and fstream.</doc>
<use f='include/c++/11/fstream' l='422' u='r' c='_ZNSt13basic_filebuf7seekoffENT0_8off_typeESt12_Ios_SeekdirSt13_Ios_Openmode'/>
<use f='include/c++/11/fstream' l='426' u='r' c='_ZNSt13basic_filebuf7seekposENT0_8pos_typeESt13_Ios_Openmode'/>
<use f='include/c++/11/fstream' l='467' u='r' c='_ZNSt13basic_filebuf13_M_set_bufferEl'/>
<use f='include/c++/11/fstream' l='796' u='r' c='_ZNSt14basic_ofstreamC1EPKcSt13_Ios_Openmode'/>
<use f='include/c++/11/fstream' l='831' u='r' c='_ZNSt14basic_ofstreamC1ERKNSt7__cxx1112basic_stringIcSt11char_traitsIcESaIcEEESt13_Ios_Openmode'/>
<use f='include/c++/11/fstream' l='848' u='r' c='_ZNSt14basic_ofstreamC1ERKTL0__St13_Ios_Openmode'/>
<use f='include/c++/11/fstream' l='926' u='r' c='_ZNSt14basic_ofstream4openEPKcSt13_Ios_Openmode'/>
<use f='include/c++/11/fstream' l='928' u='r' c='_ZNSt14basic_ofstream4openEPKcSt13_Ios_Openmode'/>
<use f='include/c++/11/fstream' l='965' u='r' c='_ZNSt14basic_ofstream4openERKNSt7__cxx1112basic_stringIcSt11char_traitsIcESaIcEEESt13_Ios_Openmode'/>
<use f='include/c++/11/fstream' l='967' u='r' c='_ZNSt14basic_ofstream4openERKNSt7__cxx1112basic_stringIcSt11char_traitsIcESaIcEEESt13_Ios_Openmode'/>
<use f='include/c++/11/fstream' l='986' u='r' c='_ZNSt14basic_ofstream4openERKTL0__St13_Ios_Openmode'/>
<use f='include/c++/11/fstream' l='1059' u='r' c='_ZNSt13basic_fstreamC1EPKcSt13_Ios_Openmode'/>
<use f='include/c++/11/fstream' l='1089' u='r' c='_ZNSt13basic_fstreamC1ERKNSt7__cxx1112basic_stringIcSt11char_traitsIcESaIcEEESt13_Ios_Openmode'/>
<use f='include/c++/11/fstream' l='1104' u='r' c='_ZNSt13basic_fstreamC1ERKTL0__St13_Ios_Openmode'/>
<use f='include/c++/11/fstream' l='1183' u='r' c='_ZNSt13basic_fstream4openEPKcSt13_Ios_Openmode'/>
<use f='include/c++/11/fstream' l='1224' u='r' c='_ZNSt13basic_fstream4openERKNSt7__cxx1112basic_stringIcSt11char_traitsIcESaIcEEESt13_Ios_Openmode'/>
<use f='include/c++/11/fstream' l='1246' u='r' c='_ZNSt13basic_fstream4openERKTL0__St13_Ios_Openmode'/>
<use f='include/c++/11/bits/fstream.tcc' l='546' u='r' c='_ZNSt13basic_filebuf8overflowENT0_8int_typeE'/>
<use f='include/c++/11/bits/fstream.tcc' l='762' u='r' c='_ZNSt13basic_filebuf6xsputnEPKT_l'/>
<use f='include/c++/11/fstream' l='422' u='r' c='_ZNSt13basic_filebuf7seekoffENT0_8off_typeESt12_Ios_SeekdirSt13_Ios_Openmode'/>
<use f='include/c++/11/fstream' l='426' u='r' c='_ZNSt13basic_filebuf7seekposENT0_8pos_typeESt13_Ios_Openmode'/>
<use f='include/c++/11/sstream' l='115' u='r' c='_ZNSt7__cxx1115basic_stringbufC1Ev'/>
<use f='include/c++/11/sstream' l='140' u='r' c='_ZNSt7__cxx1115basic_stringbufC1ERKNS_12basic_stringIT_T0_T1_EESt13_Ios_Openmode'/>
<use f='include/c++/11/sstream' l='155' u='r' c='_ZNSt7__cxx1115basic_stringbufC1ERKT1_'/>
<use f='include/c++/11/sstream' l='166' u='r' c='_ZNSt7__cxx1115basic_stringbufC1EONS_12basic_stringIT_T0_T1_EESt13_Ios_Openmode'/>
<use f='include/c++/11/sstream' l='173' u='r' c='_ZNSt7__cxx1115basic_stringbufC1ERKNS_12basic_stringIT_T0_TL0__EERKT1_'/>
<use f='include/c++/11/sstream' l='188' u='r' c='_ZNSt7__cxx1115basic_stringbufC1ERKNS_12basic_stringIT_T0_TL0__EESt13_Ios_Openmode'/>
<use f='include/c++/11/sstream' l='388' u='r' c='_ZNSt7__cxx1115basic_stringbuf7seekoffENT0_8off_typeESt12_Ios_SeekdirSt13_Ios_Openmode'/>
<use f='include/c++/11/sstream' l='392' u='r' c='_ZNSt7__cxx1115basic_stringbuf7seekposENT0_8pos_typeESt13_Ios_Openmode'/>
<use f='include/c++/11/sstream' l='792' u='r' c='_ZNSt7__cxx1119basic_ostringstreamC1Ev'/>
<use f='include/c++/11/sstream' l='809' u='r' c='_ZNSt7__cxx1119basic_ostringstreamC1ESt13_Ios_Openmode'/>
<use f='include/c++/11/sstream' l='827' u='r' c='_ZNSt7__cxx1119basic_ostringstreamC1ERKNS_12basic_stringIT_T0_T1_EESt13_Ios_Openmode'/>
<use f='include/c++/11/sstream' l='828' u='r' c='_ZNSt7__cxx1119basic_ostringstreamC1ERKNS_12basic_stringIT_T0_T1_EESt13_Ios_Openmode'/>
<use f='include/c++/11/sstream' l='850' u='r' c='_ZNSt7__cxx1119basic_ostringstreamC1ESt13_Ios_OpenmodeRKT1_'/>
<use f='include/c++/11/sstream' l='855' u='r' c='_ZNSt7__cxx1119basic_ostringstreamC1EONS_12basic_stringIT_T0_T1_EESt13_Ios_Openmode'/>
<use f='include/c++/11/sstream' l='856' u='r' c='_ZNSt7__cxx1119basic_ostringstreamC1EONS_12basic_stringIT_T0_T1_EESt13_Ios_Openmode'/>
<use f='include/c++/11/sstream' l='862' u='r' c='_ZNSt7__cxx1119basic_ostringstreamC1ERKNS_12basic_stringIT_T0_TL0__EERKT1_'/>
<use f='include/c++/11/sstream' l='869' u='r' c='_ZNSt7__cxx1119basic_ostringstreamC1ERKNS_12basic_stringIT_T0_TL0__EESt13_Ios_OpenmodeRKT1_'/>
<use f='include/c++/11/sstream' l='875' u='r' c='_ZNSt7__cxx1119basic_ostringstreamC1ERKNS_12basic_stringIT_T0_TL0__EESt13_Ios_Openmode'/>
<use f='include/c++/11/sstream' l='1013' u='r' c='_ZNSt7__cxx1118basic_stringstreamC1Ev'/>
<use f='include/c++/11/sstream' l='1044' u='r' c='_ZNSt7__cxx1118basic_stringstreamC1ERKNS_12basic_stringIT_T0_T1_EESt13_Ios_Openmode'/>
<use f='include/c++/11/sstream' l='1073' u='r' c='_ZNSt7__cxx1118basic_stringstreamC1EONS_12basic_stringIT_T0_T1_EESt13_Ios_Openmode'/>
<use f='include/c++/11/sstream' l='1080' u='r' c='_ZNSt7__cxx1118basic_stringstreamC1ERKNS_12basic_stringIT_T0_TL0__EERKT1_'/>
<use f='include/c++/11/sstream' l='1094' u='r' c='_ZNSt7__cxx1118basic_stringstreamC1ERKNS_12basic_stringIT_T0_TL0__EESt13_Ios_Openmode'/>
<use f='include/c++/11/bits/sstream.tcc' l='59' c='_ZNSt7__cxx1115basic_stringbuf9pbackfailENT0_8int_typeE'/>
<use f='include/c++/11/bits/sstream.tcc' l='82' c='_ZNSt7__cxx1115basic_stringbuf8overflowENT0_8int_typeE'/>
<use f='include/c++/11/sstream' l='388' u='r' c='_ZNSt7__cxx1115basic_stringbuf7seekoffENT0_8off_typeESt12_Ios_SeekdirSt13_Ios_Openmode'/>
<use f='include/c++/11/bits/sstream.tcc' l='172' c='_ZNSt7__cxx1115basic_stringbuf7seekoffENT0_8off_typeESt12_Ios_SeekdirSt13_Ios_Openmode'/>
<use f='include/c++/11/bits/sstream.tcc' l='174' u='r' c='_ZNSt7__cxx1115basic_stringbuf7seekoffENT0_8off_typeESt12_Ios_SeekdirSt13_Ios_Openmode'/>
<use f='include/c++/11/sstream' l='392' u='r' c='_ZNSt7__cxx1115basic_stringbuf7seekposENT0_8pos_typeESt13_Ios_Openmode'/>
<use f='include/c++/11/bits/sstream.tcc' l='220' c='_ZNSt7__cxx1115basic_stringbuf7seekposENT0_8pos_typeESt13_Ios_Openmode'/>
<use f='include/c++/11/bits/sstream.tcc' l='249' u='r' c='_ZNSt7__cxx1115basic_stringbuf7_M_syncEPT_NS_12basic_stringIS1_T0_T1_E9size_typeES7_'/>
